f:\gzma\book\实验\twnlt\twnlt\debug\logiclayer.obj
f:\gzma\book\实验\twnlt\twnlt\debug\twnlt.obj
f:\gzma\book\实验\twnlt\twnlt\debug\qtwidgetsfl.obj
f:\gzma\book\实验\twnlt\twnlt\debug\qttipsdlgview.obj
f:\gzma\book\实验\twnlt\twnlt\debug\main.obj
f:\gzma\book\实验\twnlt\twnlt\debug\vc142.pdb
f:\gzma\book\实验\twnlt\twnlt\debug\moc_twnlt.obj
f:\gzma\book\实验\twnlt\twnlt\debug\moc_qttipsdlgview.obj
f:\gzma\book\实验\twnlt\twnlt\debug\moc_qtwidgetsfl.obj
f:\gzma\book\实验\twnlt\twnlt\debug\qrc_twnlt.obj
f:\gzma\book\实验\twnlt\debug\twnlt.ilk
f:\gzma\book\实验\twnlt\debug\twnlt.exe
f:\gzma\book\实验\twnlt\debug\twnlt.pdb
f:\gzma\book\实验\twnlt\twnlt\debug\moc\moc_twnlt.cpp
f:\gzma\book\实验\twnlt\twnlt\debug\moc\moc_qtwidgetsfl.cpp
f:\gzma\book\实验\twnlt\twnlt\debug\moc\moc_qttipsdlgview.cpp
f:\gzma\book\实验\twnlt\twnlt\debug\twnlt.res
f:\gzma\book\实验\twnlt\twnlt\debug\rcc\qrc_twnlt.cpp
f:\gzma\book\实验\twnlt\twnlt\debug\uic\ui_qttipsdlgview.h
f:\gzma\book\实验\twnlt\twnlt\debug\uic\ui_qtwidgetsfl.h
f:\gzma\book\实验\twnlt\twnlt\debug\uic\ui_twnlt.h
f:\gzma\book\实验\twnlt\twnlt\debug\twnlt.tlog\cl.10856.write.1.tlog
f:\gzma\book\实验\twnlt\twnlt\debug\twnlt.tlog\cl.command.1.tlog
f:\gzma\book\实验\twnlt\twnlt\debug\twnlt.tlog\cl.read.1.tlog
f:\gzma\book\实验\twnlt\twnlt\debug\twnlt.tlog\link.command.1.tlog
f:\gzma\book\实验\twnlt\twnlt\debug\twnlt.tlog\link.read.1.tlog
f:\gzma\book\实验\twnlt\twnlt\debug\twnlt.tlog\link.write.1.tlog
f:\gzma\book\实验\twnlt\twnlt\debug\twnlt.tlog\moc.read.1u.tlog
f:\gzma\book\实验\twnlt\twnlt\debug\twnlt.tlog\moc.write.1u.tlog
f:\gzma\book\实验\twnlt\twnlt\debug\twnlt.tlog\rc.command.1.tlog
f:\gzma\book\实验\twnlt\twnlt\debug\twnlt.tlog\rc.read.1.tlog
f:\gzma\book\实验\twnlt\twnlt\debug\twnlt.tlog\rc.write.1.tlog
f:\gzma\book\实验\twnlt\twnlt\debug\twnlt.tlog\rcc.read.1u.tlog
f:\gzma\book\实验\twnlt\twnlt\debug\twnlt.tlog\rcc.write.1u.tlog
f:\gzma\book\实验\twnlt\twnlt\debug\twnlt.tlog\twnlt.write.1u.tlog
f:\gzma\book\实验\twnlt\twnlt\debug\twnlt.tlog\uic.read.1u.tlog
f:\gzma\book\实验\twnlt\twnlt\debug\twnlt.tlog\uic.write.1u.tlog
